<?xml version="1.0" encoding="UTF-8"?>
<!-- Generated by org.testng.reporters.JUnitReportReporter -->
<testsuite hostname="LTIN607117" failures="0" tests="4" name="com.test.testScenario.HotelTrivagoApp" time="49.106" errors="0" timestamp="2025-06-25T16:11:15 IST" skipped="0">
  <testcase classname="com.test.testScenario.HotelTrivagoApp" name="cityInitialize" time="2.011"/>
  <testcase classname="com.test.testScenario.HotelTrivagoApp" name="cityInitialize" time="3.020"/>
  <testcase classname="com.test.testScenario.HotelTrivagoApp" name="result" time="21.137"/>
  <testcase classname="com.test.testScenario.HotelTrivagoApp" name="result" time="22.938"/>
</testsuite> <!-- com.test.testScenario.HotelTrivagoApp -->
